time="2024-09-04T16:50:08+03:00" level=info msg="Create router" func="main.main()" file="main.go:15"
time="2024-09-04T16:50:30+03:00" level=info msg="Create router" func="main.main()" file="main.go:15"
time="2024-09-07T21:20:44+03:00" level=info msg="Create router" func="main.main()" file="main.go:15"
time="2024-09-07T23:09:19+03:00" level=info msg="Create router" func="main.main()" file="main.go:19"
time="2024-09-07T23:09:19+03:00" level=info msg="loading config" func="fit-journal/internal/config.GetConfig.func1()" file="config.go:24"
time="2024-09-07T23:09:19+03:00" level=info msg="Start server 0.0.0.0:10100" func="main.start()" file="main.go:59"
time="2024-09-07T23:09:37+03:00" level=info msg="Create router" func="main.main()" file="main.go:19"
time="2024-09-07T23:09:37+03:00" level=info msg="loading config" func="fit-journal/internal/config.GetConfig.func1()" file="config.go:24"
time="2024-09-07T23:09:37+03:00" level=info msg="Start server 0.0.0.0:10100" func="main.start()" file="main.go:59"
time="2024-09-07T23:16:49+03:00" level=info msg="Create router" func="main.main()" file="main.go:19"
time="2024-09-07T23:16:49+03:00" level=info msg="loading config" func="fit-journal/internal/config.GetConfig.func1()" file="config.go:24"
time="2024-09-07T23:16:49+03:00" level=info msg="Listening on socket: /Users/inveizer/dev/fit-journal/build/app.sock" func="main.start()" file="main.go:43"
time="2024-09-07T23:23:11+03:00" level=info msg="Create router" func="main.main()" file="main.go:19"
time="2024-09-07T23:23:11+03:00" level=info msg="loading config" func="fit-journal/internal/config.GetConfig.func1()" file="config.go:24"
time="2024-09-07T23:23:11+03:00" level=info msg="Listening on socket: /Users/inveizer/dev/fit-journal/build/app.sock" func="main.start()" file="main.go:43"
time="2024-09-07T23:23:11+03:00" level=fatal msg="listen unix /Users/inveizer/dev/fit-journal/build/app.sock: bind: address already in use" func="main.start()" file="main.go:50"
time="2024-09-07T23:23:27+03:00" level=info msg="Create router" func="main.main()" file="main.go:19"
time="2024-09-07T23:23:27+03:00" level=info msg="loading config" func="fit-journal/internal/config.GetConfig.func1()" file="config.go:24"
time="2024-09-07T23:23:27+03:00" level=info msg="Listening on socket: /Users/inveizer/dev/fit-journal/build/app.sock" func="main.start()" file="main.go:43"
time="2024-09-07T23:23:27+03:00" level=fatal msg="listen unix /Users/inveizer/dev/fit-journal/build/app.sock: bind: address already in use" func="main.start()" file="main.go:50"
time="2024-09-07T23:23:48+03:00" level=info msg="Create router" func="main.main()" file="main.go:19"
time="2024-09-07T23:23:48+03:00" level=info msg="loading config" func="fit-journal/internal/config.GetConfig.func1()" file="config.go:24"
time="2024-09-07T23:23:48+03:00" level=info msg="Start server 0.0.0.0:10100" func="main.start()" file="main.go:46"
time="2024-09-07T23:23:56+03:00" level=info msg="Create router" func="main.main()" file="main.go:19"
time="2024-09-07T23:23:56+03:00" level=info msg="loading config" func="fit-journal/internal/config.GetConfig.func1()" file="config.go:24"
time="2024-09-07T23:23:56+03:00" level=info msg="Start server 127.0.0.1:8082" func="main.start()" file="main.go:46"
time="2024-09-11T12:42:49+03:00" level=info msg="Create router" func="main.main()" file="main.go:22"
time="2024-09-11T12:42:49+03:00" level=info msg="loading config" func="fit-journal/internal/config.GetConfig.func1()" file="config.go:33"
time="2024-09-11T12:54:42+03:00" level=info msg="Create router" func="main.main()" file="main.go:22"
time="2024-09-11T12:54:42+03:00" level=info msg="loading config" func="fit-journal/internal/config.GetConfig.func1()" file="config.go:33"
time="2024-09-11T12:54:59+03:00" level=info msg="Create router" func="main.main()" file="main.go:22"
time="2024-09-11T12:54:59+03:00" level=info msg="loading config" func="fit-journal/internal/config.GetConfig.func1()" file="config.go:33"
time="2024-09-11T12:55:01+03:00" level=debug msg="create user" func="fit-journal/internal/user/db.(*db).Create()" file="mongodb.go:19"
time="2024-09-11T12:55:01+03:00" level=debug msg="convert InsertedID to ObjectID" func="fit-journal/internal/user/db.(*db).Create()" file="mongodb.go:25"
time="2024-09-11T12:55:01+03:00" level=info msg=66e168f5faa3e6922826e50c func="main.main()" file="main.go:42"
time="2024-09-11T12:55:01+03:00" level=info msg="Start server 127.0.0.1:8082" func="main.start()" file="main.go:67"
time="2024-09-11T15:51:58+03:00" level=info msg="Create router" func="main.main()" file="main.go:22"
time="2024-09-11T15:51:58+03:00" level=info msg="loading config" func="fit-journal/internal/config.GetConfig.func1()" file="config.go:33"
time="2024-09-11T15:51:59+03:00" level=debug msg="create user" func="fit-journal/internal/user/db.(*db).Create()" file="mongodb.go:19"
time="2024-09-11T15:52:00+03:00" level=debug msg="convert InsertedID to ObjectID" func="fit-journal/internal/user/db.(*db).Create()" file="mongodb.go:25"
time="2024-09-11T15:52:00+03:00" level=info msg=66e1926fcc8adc1f248c78b8 func="main.main()" file="main.go:42"
time="2024-09-11T15:52:00+03:00" level=info msg="Start server 127.0.0.1:8082" func="main.start()" file="main.go:73"
time="2024-09-11T16:02:51+03:00" level=info msg="Create router" func="main.main()" file="main.go:22"
time="2024-09-11T16:02:51+03:00" level=info msg="loading config" func="fit-journal/internal/config.GetConfig.func1()" file="config.go:33"
time="2024-09-11T16:02:53+03:00" level=debug msg="create user" func="fit-journal/internal/user/db.(*db).Create()" file="mongodb.go:19"
time="2024-09-11T16:02:53+03:00" level=debug msg="convert InsertedID to ObjectID" func="fit-journal/internal/user/db.(*db).Create()" file="mongodb.go:25"
time="2024-09-11T16:02:53+03:00" level=info msg=66e194fd9107a06c4810d6b7 func="main.main()" file="main.go:42"
time="2024-09-11T16:02:53+03:00" level=trace msg="Deleted 1 documents" func="fit-journal/internal/user/db.(*db).Delete()" file="mongodb.go:110"
time="2024-09-13T11:02:20+03:00" level=info msg="Create router" func="main.main()" file="main.go:22"
time="2024-09-13T11:02:20+03:00" level=info msg="loading config" func="fit-journal/internal/config.GetConfig.func1()" file="config.go:33"
time="2024-09-13T11:02:22+03:00" level=info msg="Start server 127.0.0.1:8082" func="main.start()" file="main.go:64"
time="2024-09-13T15:06:23+03:00" level=info msg="Create router" func="main.main()" file="main.go:22"
time="2024-09-13T15:06:23+03:00" level=info msg="loading config" func="fit-journal/internal/config.GetConfig.func1()" file="config.go:33"
time="2024-09-13T15:06:24+03:00" level=info msg="Start server 127.0.0.1:8082" func="main.start()" file="main.go:64"
time="2024-09-13T15:06:47+03:00" level=info msg="Create router" func="main.main()" file="main.go:22"
time="2024-09-13T15:06:47+03:00" level=info msg="loading config" func="fit-journal/internal/config.GetConfig.func1()" file="config.go:33"
time="2024-09-13T15:06:49+03:00" level=info msg="Start server 127.0.0.1:8082" func="main.start()" file="main.go:64"
time="2024-09-13T15:13:11+03:00" level=info msg="Create router" func="main.main()" file="main.go:22"
time="2024-09-13T15:13:11+03:00" level=info msg="loading config" func="fit-journal/internal/config.GetConfig.func1()" file="config.go:33"
time="2024-09-13T15:13:12+03:00" level=info msg="Start server 127.0.0.1:8081" func="main.start()" file="main.go:64"
